[2026-05-16T16:14:14.379Z] [STEP ] Extracting D:\Desktop\bob-demo\Interactive Grocery Mobile App.zip → ./unzipped_frontend
[2026-05-16T16:14:14.655Z] [OK   ] Extraction complete.
[2026-05-16T16:14:14.658Z] [INFO ] Found 27 screen(s): AddToCartOverlay.tsx, BasketPage.tsx, CheckoutPage.tsx, ConfirmationPage.tsx, Menu.tsx, OrderConfirmationPage.tsx, PaymentPage.tsx, PlaceholderPage.tsx, ProductDetailPage.tsx, ProductListPage.tsx, QuantityDropdown.tsx, StatusBar.tsx, AddToCartOverlay-10-806.tsx, DropdownMenu.tsx, Footer.tsx, IconForward-2013-176.tsx, MyBasket-2001-1450.tsx, MyBasket-2001-1645.tsx, MyBasket-2001-1785.tsx, MyBasket-2001-672.tsx, MyBasket-2001-955.tsx, MyBasket-2013-809.tsx, MyBasket-9-735.tsx, MyBasket.tsx, ProduceDefault.tsx, ProductTomato.tsx, TextInput-2001-1039.tsx
[2026-05-16T16:14:14.659Z] [STEP ] Writing backend scaffold (package.json, tsconfig.json, .env) …
[2026-05-16T16:14:14.661Z] [OK   ] Scaffold files written.
[2026-05-16T16:14:14.662Z] [STEP ] Generating backend business logic for 27 screen(s) …
[2026-05-16T16:14:17.315Z] [WARN ] [backend-logic] attempt 1/3: 429 Rate limit exceeded: free-models-per-day. Add 10 credits to unlock 1000 free model requests per day
[2026-05-16T16:14:22.341Z] [WARN ] [backend-logic] attempt 2/3: 429 Rate limit exceeded: free-models-per-day. Add 10 credits to unlock 1000 free model requests per day
[2026-05-16T16:14:30.433Z] [WARN ] [backend-logic] attempt 3/3: 429 Rate limit exceeded: free-models-per-day. Add 10 credits to unlock 1000 free model requests per day
[2026-05-16T16:14:30.435Z] [ERROR] Backend logic failed: 429 Rate limit exceeded: free-models-per-day. Add 10 credits to unlock 1000 free model requests per day
[2026-05-16T16:14:30.436Z] [OK   ] Added axios to frontend package.json.
[2026-05-16T16:14:30.439Z] [STEP ] Refactoring 27 frontend screen(s) …
[2026-05-16T16:14:30.452Z] [INFO ]   Refactoring AddToCartOverlay.tsx …
[2026-05-16T16:14:32.534Z] [WARN ] [refactor:AddToCartOverlay.tsx] attempt 1/3: 429 Rate limit exceeded: free-models-per-day. Add 10 credits to unlock 1000 free model requests per day
[2026-05-16T16:14:37.607Z] [WARN ] [refactor:AddToCartOverlay.tsx] attempt 2/3: 429 Rate limit exceeded: free-models-per-day. Add 10 credits to unlock 1000 free model requests per day
[2026-05-16T16:30:07.698Z] [STEP ] Extracting D:\Desktop\bob-demo\Interactive Grocery Mobile App.zip → ./unzipped_frontend
[2026-05-16T16:30:08.011Z] [OK   ] Extraction complete.
[2026-05-16T16:30:08.014Z] [INFO ] Found 27 screen(s): AddToCartOverlay.tsx, BasketPage.tsx, CheckoutPage.tsx, ConfirmationPage.tsx, Menu.tsx, OrderConfirmationPage.tsx, PaymentPage.tsx, PlaceholderPage.tsx, ProductDetailPage.tsx, ProductListPage.tsx, QuantityDropdown.tsx, StatusBar.tsx, AddToCartOverlay-10-806.tsx, DropdownMenu.tsx, Footer.tsx, IconForward-2013-176.tsx, MyBasket-2001-1450.tsx, MyBasket-2001-1645.tsx, MyBasket-2001-1785.tsx, MyBasket-2001-672.tsx, MyBasket-2001-955.tsx, MyBasket-2013-809.tsx, MyBasket-9-735.tsx, MyBasket.tsx, ProduceDefault.tsx, ProductTomato.tsx, TextInput-2001-1039.tsx
[2026-05-16T16:30:08.014Z] [STEP ] Writing backend scaffold (package.json, tsconfig.json, .env) …
[2026-05-16T16:30:08.019Z] [OK   ] Scaffold files written.
[2026-05-16T16:30:08.020Z] [STEP ] Generating backend business logic for 27 screen(s) …
[2026-05-16T16:30:41.262Z] [OK   ]   + src/server.ts
[2026-05-16T16:30:41.265Z] [OK   ]   + src/routes/itemRoutes.ts
[2026-05-16T16:30:41.266Z] [OK   ]   + src/routes/basketRoutes.ts
[2026-05-16T16:30:41.268Z] [OK   ]   + src/routes/checkoutRoutes.ts
[2026-05-16T16:30:41.270Z] [OK   ]   + src/routes/orderRoutes.ts
[2026-05-16T16:30:41.271Z] [OK   ]   + src/middleware/errorHandler.ts
[2026-05-16T16:30:41.272Z] [OK   ]   + src/models/Item.ts
[2026-05-16T16:30:41.276Z] [OK   ]   + src/models/Order.ts
[2026-05-16T16:30:41.276Z] [OK   ] Backend logic: 8 file(s) written.
[2026-05-16T16:30:41.280Z] [OK   ] Added axios to frontend package.json.
[2026-05-16T16:30:41.281Z] [STEP ] Refactoring 27 frontend screen(s) …
[2026-05-16T16:30:41.285Z] [INFO ]   Refactoring AddToCartOverlay.tsx …
[2026-05-16T16:31:06.976Z] [OK   ]   ✔ AddToCartOverlay.tsx
[2026-05-16T16:31:08.995Z] [INFO ]   Refactoring BasketPage.tsx …
[2026-05-16T16:32:13.065Z] [OK   ]   ✔ BasketPage.tsx
[2026-05-16T16:32:15.075Z] [INFO ]   Refactoring CheckoutPage.tsx …
[2026-05-16T16:33:15.122Z] [OK   ]   ✔ CheckoutPage.tsx
[2026-05-16T16:33:17.140Z] [INFO ]   Refactoring ConfirmationPage.tsx …
[2026-05-16T16:34:36.763Z] [OK   ]   ✔ ConfirmationPage.tsx
[2026-05-16T16:34:38.773Z] [INFO ]   Refactoring Menu.tsx …
[2026-05-16T16:34:56.438Z] [OK   ]   ✔ Menu.tsx
[2026-05-16T16:34:58.454Z] [INFO ]   Refactoring OrderConfirmationPage.tsx …
[2026-05-16T16:35:29.685Z] [OK   ]   ✔ OrderConfirmationPage.tsx
[2026-05-16T16:35:31.701Z] [INFO ]   Refactoring PaymentPage.tsx …
[2026-05-16T16:36:06.066Z] [OK   ]   ✔ PaymentPage.tsx
[2026-05-16T16:36:08.092Z] [INFO ]   Refactoring PlaceholderPage.tsx …
[2026-05-16T16:39:27.767Z] [OK   ]   ✔ PlaceholderPage.tsx
[2026-05-16T16:39:29.774Z] [INFO ]   Refactoring ProductDetailPage.tsx …
[2026-05-16T16:40:15.651Z] [OK   ]   ✔ ProductDetailPage.tsx
[2026-05-16T16:40:17.670Z] [INFO ]   Refactoring ProductListPage.tsx …
[2026-05-16T16:43:44.512Z] [OK   ]   ✔ ProductListPage.tsx
[2026-05-16T16:43:46.537Z] [INFO ]   Refactoring QuantityDropdown.tsx …
[2026-05-16T16:44:05.799Z] [OK   ]   ✔ QuantityDropdown.tsx
[2026-05-16T16:44:07.820Z] [INFO ]   Refactoring StatusBar.tsx …
[2026-05-16T16:44:33.078Z] [OK   ]   ✔ StatusBar.tsx
[2026-05-16T16:44:35.098Z] [INFO ]   Refactoring AddToCartOverlay-10-806.tsx …
[2026-05-16T16:44:53.966Z] [OK   ]   ✔ AddToCartOverlay-10-806.tsx
[2026-05-16T16:44:56.013Z] [INFO ]   Refactoring DropdownMenu.tsx …
[2026-05-16T16:45:16.732Z] [OK   ]   ✔ DropdownMenu.tsx
[2026-05-16T16:45:18.761Z] [INFO ]   Refactoring Footer.tsx …
[2026-05-16T16:45:44.048Z] [OK   ]   ✔ Footer.tsx
[2026-05-16T16:45:46.065Z] [INFO ]   Refactoring IconForward-2013-176.tsx …
[2026-05-16T16:45:50.060Z] [OK   ]   ✔ IconForward-2013-176.tsx
[2026-05-16T16:45:52.100Z] [INFO ]   Refactoring MyBasket-2001-1450.tsx …
[2026-05-16T16:47:16.578Z] [OK   ]   ✔ MyBasket-2001-1450.tsx
[2026-05-16T16:47:18.633Z] [INFO ]   Refactoring MyBasket-2001-1645.tsx …
[2026-05-16T16:49:10.902Z] [OK   ]   ✔ MyBasket-2001-1645.tsx
[2026-05-16T16:49:12.923Z] [INFO ]   Refactoring MyBasket-2001-1785.tsx …
[2026-05-16T16:50:13.971Z] [OK   ]   ✔ MyBasket-2001-1785.tsx
[2026-05-16T16:50:16.007Z] [INFO ]   Refactoring MyBasket-2001-672.tsx …
[2026-05-16T16:50:43.877Z] [OK   ]   ✔ MyBasket-2001-672.tsx
[2026-05-16T16:50:45.910Z] [INFO ]   Refactoring MyBasket-2001-955.tsx …
[2026-05-16T16:52:21.747Z] [OK   ]   ✔ MyBasket-2001-955.tsx
[2026-05-16T16:52:23.787Z] [INFO ]   Refactoring MyBasket-2013-809.tsx …
[2026-05-16T16:53:33.733Z] [OK   ]   ✔ MyBasket-2013-809.tsx
[2026-05-16T16:53:35.767Z] [INFO ]   Refactoring MyBasket-9-735.tsx …
[2026-05-16T16:54:06.488Z] [OK   ]   ✔ MyBasket-9-735.tsx
[2026-05-16T16:54:08.508Z] [INFO ]   Refactoring MyBasket.tsx …
[2026-05-16T16:54:53.570Z] [OK   ]   ✔ MyBasket.tsx
[2026-05-16T16:54:55.604Z] [INFO ]   Refactoring ProduceDefault.tsx …
[2026-05-16T16:55:51.848Z] [OK   ]   ✔ ProduceDefault.tsx
[2026-05-16T16:55:53.874Z] [INFO ]   Refactoring ProductTomato.tsx …
[2026-05-16T16:56:54.933Z] [OK   ]   ✔ ProductTomato.tsx
[2026-05-16T16:56:56.961Z] [INFO ]   Refactoring TextInput-2001-1039.tsx …
[2026-05-16T16:57:31.127Z] [OK   ]   ✔ TextInput-2001-1039.tsx
[2026-05-16T16:57:33.138Z] [OK   ] Frontend refactor complete — 27 succeeded, 0 failed.
[2026-05-16T17:57:07.441Z] [STEP ] Extracting D:\Desktop\bob-demo\Interactive Grocery Mobile App.zip → ./unzipped_frontend
[2026-05-16T17:57:07.719Z] [OK   ] Extraction complete.
[2026-05-16T17:57:07.722Z] [INFO ] Found 27 screen(s): AddToCartOverlay.tsx, BasketPage.tsx, CheckoutPage.tsx, ConfirmationPage.tsx, Menu.tsx, OrderConfirmationPage.tsx, PaymentPage.tsx, PlaceholderPage.tsx, ProductDetailPage.tsx, ProductListPage.tsx, QuantityDropdown.tsx, StatusBar.tsx, AddToCartOverlay-10-806.tsx, DropdownMenu.tsx, Footer.tsx, IconForward-2013-176.tsx, MyBasket-2001-1450.tsx, MyBasket-2001-1645.tsx, MyBasket-2001-1785.tsx, MyBasket-2001-672.tsx, MyBasket-2001-955.tsx, MyBasket-2013-809.tsx, MyBasket-9-735.tsx, MyBasket.tsx, ProduceDefault.tsx, ProductTomato.tsx, TextInput-2001-1039.tsx
[2026-05-16T17:57:07.723Z] [STEP ] Writing backend scaffold (package.json, tsconfig.json, .env) …
[2026-05-16T17:57:07.725Z] [OK   ] Scaffold files written.
[2026-05-16T17:57:07.725Z] [STEP ] Generating backend business logic for 27 screen(s) …
[2026-05-16T17:57:48.930Z] [OK   ]   + src/server.ts
[2026-05-16T17:57:48.933Z] [OK   ]   + src/routes/itemRoutes.ts
[2026-05-16T17:57:48.935Z] [OK   ]   + src/models/Item.ts
[2026-05-16T17:57:48.936Z] [OK   ]   + src/routes/basketRoutes.ts
[2026-05-16T17:57:48.937Z] [OK   ]   + src/models/CartItem.ts
[2026-05-16T17:57:48.939Z] [OK   ]   + src/routes/checkoutRoutes.ts
[2026-05-16T17:57:48.946Z] [OK   ]   + src/models/Order.ts
[2026-05-16T17:57:48.947Z] [OK   ]   + src/routes/paymentRoutes.ts
[2026-05-16T17:57:48.949Z] [OK   ]   + src/models/Payment.ts
[2026-05-16T17:57:48.951Z] [OK   ]   + src/routes/orderRoutes.ts
[2026-05-16T17:57:48.953Z] [OK   ]   + src/models/Confirmation.ts
[2026-05-16T17:57:48.955Z] [OK   ]   + src/middleware/errorHandler.ts
[2026-05-16T17:57:48.964Z] [OK   ] Backend logic: 12 file(s) written.
[2026-05-16T17:57:48.966Z] [STEP ] Validating and auto-fixing backend code…
[2026-05-16T17:57:48.975Z] [OK   ]   ✔ Fixed .js extensions in imports
[2026-05-16T17:57:48.975Z] [OK   ] Backend validation complete.
[2026-05-16T17:57:48.979Z] [OK   ] Added axios to frontend package.json.
[2026-05-16T17:57:48.980Z] [STEP ] Refactoring 27 frontend screen(s) …
[2026-05-16T17:57:48.982Z] [INFO ]   Refactoring AddToCartOverlay.tsx …
[2026-05-16T17:58:19.551Z] [OK   ]   ✔ AddToCartOverlay.tsx
[2026-05-16T17:58:21.570Z] [INFO ]   Refactoring BasketPage.tsx …
[2026-05-16T17:58:51.747Z] [OK   ]   ✔ BasketPage.tsx
[2026-05-16T17:58:53.764Z] [INFO ]   Refactoring CheckoutPage.tsx …
[2026-05-16T17:59:35.122Z] [OK   ]   ✔ CheckoutPage.tsx
[2026-05-16T17:59:37.146Z] [INFO ]   Refactoring ConfirmationPage.tsx …
[2026-05-16T18:00:52.863Z] [OK   ]   ✔ ConfirmationPage.tsx
[2026-05-16T18:00:54.880Z] [INFO ]   Refactoring Menu.tsx …
[2026-05-16T18:01:26.247Z] [OK   ]   ✔ Menu.tsx
[2026-05-16T18:01:28.267Z] [INFO ]   Refactoring OrderConfirmationPage.tsx …
[2026-05-16T18:02:08.808Z] [OK   ]   ✔ OrderConfirmationPage.tsx
[2026-05-16T18:02:10.820Z] [INFO ]   Refactoring PaymentPage.tsx …
[2026-05-16T18:02:51.017Z] [OK   ]   ✔ PaymentPage.tsx
[2026-05-16T18:02:53.033Z] [INFO ]   Refactoring PlaceholderPage.tsx …
[2026-05-16T18:06:38.179Z] [OK   ]   ✔ PlaceholderPage.tsx
[2026-05-16T18:06:40.190Z] [INFO ]   Refactoring ProductDetailPage.tsx …
[2026-05-16T18:07:07.006Z] [OK   ]   ✔ ProductDetailPage.tsx
[2026-05-16T18:07:09.017Z] [INFO ]   Refactoring ProductListPage.tsx …
[2026-05-16T18:08:02.162Z] [OK   ]   ✔ ProductListPage.tsx
[2026-05-16T18:08:04.173Z] [INFO ]   Refactoring QuantityDropdown.tsx …
[2026-05-16T18:08:31.548Z] [OK   ]   ✔ QuantityDropdown.tsx
[2026-05-16T18:08:33.570Z] [INFO ]   Refactoring StatusBar.tsx …
[2026-05-16T18:08:46.417Z] [OK   ]   ✔ StatusBar.tsx
[2026-05-16T18:08:48.445Z] [INFO ]   Refactoring AddToCartOverlay-10-806.tsx …
[2026-05-16T18:09:24.544Z] [OK   ]   ✔ AddToCartOverlay-10-806.tsx
[2026-05-16T18:09:26.565Z] [INFO ]   Refactoring DropdownMenu.tsx …
[2026-05-16T18:09:38.805Z] [OK   ]   ✔ DropdownMenu.tsx
[2026-05-16T18:09:40.827Z] [INFO ]   Refactoring Footer.tsx …
[2026-05-16T18:10:17.359Z] [OK   ]   ✔ Footer.tsx
[2026-05-16T18:10:19.369Z] [INFO ]   Refactoring IconForward-2013-176.tsx …
[2026-05-16T18:10:28.132Z] [OK   ]   ✔ IconForward-2013-176.tsx
[2026-05-16T18:10:30.161Z] [INFO ]   Refactoring MyBasket-2001-1450.tsx …
[2026-05-16T18:11:23.362Z] [OK   ]   ✔ MyBasket-2001-1450.tsx
[2026-05-16T18:11:25.379Z] [INFO ]   Refactoring MyBasket-2001-1645.tsx …
[2026-05-16T18:12:44.841Z] [OK   ]   ✔ MyBasket-2001-1645.tsx
[2026-05-16T18:12:46.862Z] [INFO ]   Refactoring MyBasket-2001-1785.tsx …
[2026-05-16T18:13:46.823Z] [OK   ]   ✔ MyBasket-2001-1785.tsx
[2026-05-16T18:13:48.848Z] [INFO ]   Refactoring MyBasket-2001-672.tsx …
[2026-05-16T18:14:34.891Z] [OK   ]   ✔ MyBasket-2001-672.tsx
[2026-05-16T18:14:36.913Z] [INFO ]   Refactoring MyBasket-2001-955.tsx …
[2026-05-16T18:15:26.601Z] [OK   ]   ✔ MyBasket-2001-955.tsx
[2026-05-16T18:15:28.631Z] [INFO ]   Refactoring MyBasket-2013-809.tsx …
[2026-05-16T18:15:30.927Z] [WARN ] [refactor:MyBasket-2013-809.tsx] attempt 1/3: 429 Rate limit exceeded: free-models-per-day. Add 10 credits to unlock 1000 free model requests per day
[2026-05-16T18:15:36.073Z] [WARN ] [refactor:MyBasket-2013-809.tsx] attempt 2/3: 429 Rate limit exceeded: free-models-per-day. Add 10 credits to unlock 1000 free model requests per day
[2026-05-16T18:15:44.406Z] [WARN ] [refactor:MyBasket-2013-809.tsx] attempt 3/3: 429 Rate limit exceeded: free-models-per-day. Add 10 credits to unlock 1000 free model requests per day
[2026-05-16T18:15:44.407Z] [ERROR]   ✘ MyBasket-2013-809.tsx: 429 Rate limit exceeded: free-models-per-day. Add 10 credits to unlock 1000 free model requests per day
[2026-05-16T18:15:44.413Z] [WARN ]   Restored original MyBasket-2013-809.tsx.
[2026-05-16T18:15:46.437Z] [INFO ]   Refactoring MyBasket-9-735.tsx …
[2026-05-16T18:15:48.599Z] [WARN ] [refactor:MyBasket-9-735.tsx] attempt 1/3: 429 Rate limit exceeded: free-models-per-day. Add 10 credits to unlock 1000 free model requests per day
[2026-05-16T18:15:53.571Z] [WARN ] [refactor:MyBasket-9-735.tsx] attempt 2/3: 429 Rate limit exceeded: free-models-per-day. Add 10 credits to unlock 1000 free model requests per day
[2026-05-16T18:16:01.810Z] [WARN ] [refactor:MyBasket-9-735.tsx] attempt 3/3: 429 Rate limit exceeded: free-models-per-day. Add 10 credits to unlock 1000 free model requests per day
[2026-05-16T18:16:01.813Z] [ERROR]   ✘ MyBasket-9-735.tsx: 429 Rate limit exceeded: free-models-per-day. Add 10 credits to unlock 1000 free model requests per day
[2026-05-16T18:16:01.818Z] [WARN ]   Restored original MyBasket-9-735.tsx.
[2026-05-16T18:16:03.839Z] [INFO ]   Refactoring MyBasket.tsx …
[2026-05-16T18:16:06.058Z] [WARN ] [refactor:MyBasket.tsx] attempt 1/3: 429 Rate limit exceeded: free-models-per-day. Add 10 credits to unlock 1000 free model requests per day
[2026-05-16T18:16:11.234Z] [WARN ] [refactor:MyBasket.tsx] attempt 2/3: 429 Rate limit exceeded: free-models-per-day. Add 10 credits to unlock 1000 free model requests per day
[2026-05-16T18:16:19.650Z] [WARN ] [refactor:MyBasket.tsx] attempt 3/3: 429 Rate limit exceeded: free-models-per-day. Add 10 credits to unlock 1000 free model requests per day
[2026-05-16T18:16:19.652Z] [ERROR]   ✘ MyBasket.tsx: 429 Rate limit exceeded: free-models-per-day. Add 10 credits to unlock 1000 free model requests per day
[2026-05-16T18:16:19.656Z] [WARN ]   Restored original MyBasket.tsx.
[2026-05-16T18:16:21.679Z] [INFO ]   Refactoring ProduceDefault.tsx …
[2026-05-16T18:16:23.866Z] [WARN ] [refactor:ProduceDefault.tsx] attempt 1/3: 429 Rate limit exceeded: free-models-per-day. Add 10 credits to unlock 1000 free model requests per day
[2026-05-16T18:16:29.099Z] [WARN ] [refactor:ProduceDefault.tsx] attempt 2/3: 429 Rate limit exceeded: free-models-per-day. Add 10 credits to unlock 1000 free model requests per day
[2026-05-16T18:16:37.420Z] [WARN ] [refactor:ProduceDefault.tsx] attempt 3/3: 429 Rate limit exceeded: free-models-per-day. Add 10 credits to unlock 1000 free model requests per day
[2026-05-16T18:16:37.422Z] [ERROR]   ✘ ProduceDefault.tsx: 429 Rate limit exceeded: free-models-per-day. Add 10 credits to unlock 1000 free model requests per day
[2026-05-16T18:16:37.428Z] [WARN ]   Restored original ProduceDefault.tsx.
[2026-05-16T18:16:39.445Z] [INFO ]   Refactoring ProductTomato.tsx …
[2026-05-16T18:16:41.610Z] [WARN ] [refactor:ProductTomato.tsx] attempt 1/3: 429 Rate limit exceeded: free-models-per-min. 
[2026-05-16T18:16:47.158Z] [WARN ] [refactor:ProductTomato.tsx] attempt 2/3: 429 Rate limit exceeded: free-models-per-min. 
[2026-05-16T18:16:55.492Z] [WARN ] [refactor:ProductTomato.tsx] attempt 3/3: 429 Rate limit exceeded: free-models-per-min. 
[2026-05-16T18:16:55.494Z] [ERROR]   ✘ ProductTomato.tsx: 429 Rate limit exceeded: free-models-per-min. 
[2026-05-16T18:16:55.497Z] [WARN ]   Restored original ProductTomato.tsx.
[2026-05-16T18:16:57.518Z] [INFO ]   Refactoring TextInput-2001-1039.tsx …
[2026-05-16T18:16:59.484Z] [WARN ] [refactor:TextInput-2001-1039.tsx] attempt 1/3: 429 Rate limit exceeded: free-models-per-min. 
[2026-05-16T18:17:04.476Z] [WARN ] [refactor:TextInput-2001-1039.tsx] attempt 2/3: 429 Rate limit exceeded: free-models-per-day. Add 10 credits to unlock 1000 free model requests per day
[2026-05-16T18:17:12.646Z] [WARN ] [refactor:TextInput-2001-1039.tsx] attempt 3/3: 429 Rate limit exceeded: free-models-per-day. Add 10 credits to unlock 1000 free model requests per day
[2026-05-16T18:17:12.649Z] [ERROR]   ✘ TextInput-2001-1039.tsx: 429 Rate limit exceeded: free-models-per-day. Add 10 credits to unlock 1000 free model requests per day
[2026-05-16T18:17:12.653Z] [WARN ]   Restored original TextInput-2001-1039.tsx.
[2026-05-16T18:17:14.666Z] [OK   ] Frontend refactor complete — 21 succeeded, 6 failed.
[2026-05-16T18:17:14.668Z] [STEP ] Installing dependencies for Backend and Frontend (this takes a minute) …
[2026-05-16T18:17:14.669Z] [INFO ]   📦 Installing Backend packages...
[2026-05-16T18:17:27.270Z] [OK   ]   ✔ Backend ready.
[2026-05-16T18:17:27.270Z] [INFO ]   📦 Installing Frontend packages...
[2026-05-16T18:17:28.511Z] [ERROR]   ✘ Failed to install automatically: Command failed: npm install
npm error code EINVALIDPACKAGENAME
npm error Invalid package name "@emotion/react@11.14.0" of package "@emotion/react@11.14.0@npm:@emotion/react@11.14.0": name can only contain URL-friendly characters.
npm error A complete log of this run can be found in: C:\Users\Jamal\AppData\Local\npm-cache\_logs\2026-05-16T18_17_27_553Z-debug-0.log

[2026-05-16T18:17:28.512Z] [WARN ]   You might need to run "npm install" manually later.
[2026-05-16T20:07:50.793Z] [STEP ] Extracting D:\Desktop\bob-demo\Interactive Grocery Mobile App.zip → ./unzipped_frontend
[2026-05-16T20:07:51.091Z] [OK   ] Extraction complete.
[2026-05-16T20:07:51.094Z] [INFO ] Found 27 screen(s): AddToCartOverlay.tsx, BasketPage.tsx, CheckoutPage.tsx, ConfirmationPage.tsx, Menu.tsx, OrderConfirmationPage.tsx, PaymentPage.tsx, PlaceholderPage.tsx, ProductDetailPage.tsx, ProductListPage.tsx, QuantityDropdown.tsx, StatusBar.tsx, AddToCartOverlay-10-806.tsx, DropdownMenu.tsx, Footer.tsx, IconForward-2013-176.tsx, MyBasket-2001-1450.tsx, MyBasket-2001-1645.tsx, MyBasket-2001-1785.tsx, MyBasket-2001-672.tsx, MyBasket-2001-955.tsx, MyBasket-2013-809.tsx, MyBasket-9-735.tsx, MyBasket.tsx, ProduceDefault.tsx, ProductTomato.tsx, TextInput-2001-1039.tsx
[2026-05-16T20:07:51.094Z] [STEP ] Writing backend scaffold (package.json, tsconfig.json, .env) …
[2026-05-16T20:07:51.097Z] [OK   ] Scaffold files written.
[2026-05-16T20:07:51.098Z] [STEP ] Generating backend business logic for 27 screen(s) …
[2026-05-16T20:07:53.848Z] [WARN ] [backend-logic] attempt 1/3: 429 Rate limit exceeded: free-models-per-day. Add 10 credits to unlock 1000 free model requests per day
[2026-05-16T20:07:58.852Z] [WARN ] [backend-logic] attempt 2/3: 429 Rate limit exceeded: free-models-per-day. Add 10 credits to unlock 1000 free model requests per day
[2026-05-16T20:08:07.120Z] [WARN ] [backend-logic] attempt 3/3: 429 Rate limit exceeded: free-models-per-day. Add 10 credits to unlock 1000 free model requests per day
[2026-05-16T20:08:07.124Z] [ERROR] Backend logic failed: 429 Rate limit exceeded: free-models-per-day. Add 10 credits to unlock 1000 free model requests per day
[2026-05-16T20:08:07.130Z] [STEP ] Refactoring 27 frontend screen(s) …
[2026-05-16T20:08:07.139Z] [INFO ]   Refactoring AddToCartOverlay.tsx …
[2026-05-16T20:08:09.197Z] [WARN ] [refactor:AddToCartOverlay.tsx] attempt 1/3: 429 Rate limit exceeded: free-models-per-day. Add 10 credits to unlock 1000 free model requests per day
[2026-05-16T20:08:14.027Z] [WARN ] [refactor:AddToCartOverlay.tsx] attempt 2/3: 429 Rate limit exceeded: free-models-per-day. Add 10 credits to unlock 1000 free model requests per day
[2026-05-16T20:09:48.923Z] [STEP ] Extracting D:\Desktop\bob-demo\Interactive Grocery Mobile App.zip → ./unzipped_frontend
[2026-05-16T20:09:49.228Z] [OK   ] Extraction complete.
[2026-05-16T20:09:49.230Z] [INFO ] Found 27 screen(s): AddToCartOverlay.tsx, BasketPage.tsx, CheckoutPage.tsx, ConfirmationPage.tsx, Menu.tsx, OrderConfirmationPage.tsx, PaymentPage.tsx, PlaceholderPage.tsx, ProductDetailPage.tsx, ProductListPage.tsx, QuantityDropdown.tsx, StatusBar.tsx, AddToCartOverlay-10-806.tsx, DropdownMenu.tsx, Footer.tsx, IconForward-2013-176.tsx, MyBasket-2001-1450.tsx, MyBasket-2001-1645.tsx, MyBasket-2001-1785.tsx, MyBasket-2001-672.tsx, MyBasket-2001-955.tsx, MyBasket-2013-809.tsx, MyBasket-9-735.tsx, MyBasket.tsx, ProduceDefault.tsx, ProductTomato.tsx, TextInput-2001-1039.tsx
[2026-05-16T20:09:49.231Z] [STEP ] Writing backend scaffold (package.json, tsconfig.json, .env) …
[2026-05-16T20:09:49.234Z] [OK   ] Scaffold files written.
[2026-05-16T20:09:49.236Z] [STEP ] Generating backend business logic for 27 screen(s) …
[2026-05-16T20:09:51.669Z] [WARN ] [backend-logic] attempt 1/3: 429 Rate limit exceeded: free-models-per-day. Add 10 credits to unlock 1000 free model requests per day
[2026-05-16T20:09:57.215Z] [WARN ] [backend-logic] attempt 2/3: 429 Rate limit exceeded: free-models-per-day. Add 10 credits to unlock 1000 free model requests per day
[2026-05-16T20:11:43.359Z] [STEP ] Extracting D:\Desktop\bob-demo\Interactive Grocery Mobile App.zip → ./unzipped_frontend
[2026-05-16T20:11:43.596Z] [OK   ] Extraction complete.
[2026-05-16T20:11:43.599Z] [INFO ] Found 27 screen(s): AddToCartOverlay.tsx, BasketPage.tsx, CheckoutPage.tsx, ConfirmationPage.tsx, Menu.tsx, OrderConfirmationPage.tsx, PaymentPage.tsx, PlaceholderPage.tsx, ProductDetailPage.tsx, ProductListPage.tsx, QuantityDropdown.tsx, StatusBar.tsx, AddToCartOverlay-10-806.tsx, DropdownMenu.tsx, Footer.tsx, IconForward-2013-176.tsx, MyBasket-2001-1450.tsx, MyBasket-2001-1645.tsx, MyBasket-2001-1785.tsx, MyBasket-2001-672.tsx, MyBasket-2001-955.tsx, MyBasket-2013-809.tsx, MyBasket-9-735.tsx, MyBasket.tsx, ProduceDefault.tsx, ProductTomato.tsx, TextInput-2001-1039.tsx
[2026-05-16T20:11:43.600Z] [STEP ] Writing backend scaffold (package.json, tsconfig.json, .env) …
[2026-05-16T20:11:43.602Z] [OK   ] Scaffold files written.
[2026-05-16T20:11:43.602Z] [STEP ] Generating backend business logic for 27 screen(s) …
[2026-05-16T20:12:17.581Z] [OK   ]   + src/server.ts
[2026-05-16T20:12:17.586Z] [OK   ]   + src/routes/itemRoutes.ts
[2026-05-16T20:12:17.590Z] [OK   ]   + src/models/Item.ts
[2026-05-16T20:12:17.597Z] [OK   ]   + src/middleware/errorHandler.ts
[2026-05-16T20:12:17.598Z] [OK   ] Backend logic: 4 file(s) written.
[2026-05-16T20:12:17.604Z] [STEP ] Validating and auto-fixing backend code…
[2026-05-16T20:12:17.619Z] [OK   ]   ✔ Fixed .js extensions in imports
[2026-05-16T20:12:17.628Z] [OK   ] Backend validation complete.
[2026-05-16T20:12:17.631Z] [STEP ] Refactoring 27 frontend screen(s) …
[2026-05-16T20:12:17.639Z] [INFO ]   Refactoring AddToCartOverlay.tsx …
[2026-05-16T20:12:43.455Z] [OK   ]   ✔ AddToCartOverlay.tsx
[2026-05-16T20:12:45.476Z] [INFO ]   Refactoring BasketPage.tsx …
[2026-05-16T20:13:30.408Z] [OK   ]   ✔ BasketPage.tsx
[2026-05-16T20:13:32.425Z] [INFO ]   Refactoring CheckoutPage.tsx …
[2026-05-16T20:14:14.684Z] [OK   ]   ✔ CheckoutPage.tsx
[2026-05-16T20:14:16.700Z] [INFO ]   Refactoring ConfirmationPage.tsx …
[2026-05-16T20:14:50.021Z] [OK   ]   ✔ ConfirmationPage.tsx
[2026-05-16T20:14:52.037Z] [INFO ]   Refactoring Menu.tsx …
[2026-05-16T20:15:13.153Z] [OK   ]   ✔ Menu.tsx
[2026-05-16T20:15:15.164Z] [INFO ]   Refactoring OrderConfirmationPage.tsx …
[2026-05-16T20:15:54.793Z] [OK   ]   ✔ OrderConfirmationPage.tsx
[2026-05-16T20:15:56.812Z] [INFO ]   Refactoring PaymentPage.tsx …
[2026-05-16T20:16:41.724Z] [OK   ]   ✔ PaymentPage.tsx
[2026-05-16T20:16:43.727Z] [INFO ]   Refactoring PlaceholderPage.tsx …
[2026-05-16T20:17:33.770Z] [OK   ]   ✔ PlaceholderPage.tsx
[2026-05-16T20:17:35.790Z] [INFO ]   Refactoring ProductDetailPage.tsx …
[2026-05-16T20:18:05.221Z] [OK   ]   ✔ ProductDetailPage.tsx
[2026-05-16T20:18:07.229Z] [INFO ]   Refactoring ProductListPage.tsx …
[2026-05-16T20:19:06.443Z] [OK   ]   ✔ ProductListPage.tsx
[2026-05-16T20:19:08.455Z] [INFO ]   Refactoring QuantityDropdown.tsx …
[2026-05-16T20:19:20.392Z] [OK   ]   ✔ QuantityDropdown.tsx
[2026-05-16T20:19:22.410Z] [INFO ]   Refactoring StatusBar.tsx …
[2026-05-16T20:19:38.704Z] [OK   ]   ✔ StatusBar.tsx
[2026-05-16T20:19:40.713Z] [INFO ]   Refactoring AddToCartOverlay-10-806.tsx …
[2026-05-16T20:19:53.301Z] [OK   ]   ✔ AddToCartOverlay-10-806.tsx
[2026-05-16T20:19:55.322Z] [INFO ]   Refactoring DropdownMenu.tsx …
[2026-05-16T20:20:05.635Z] [OK   ]   ✔ DropdownMenu.tsx
[2026-05-16T20:20:07.645Z] [INFO ]   Refactoring Footer.tsx …
[2026-05-16T20:20:19.825Z] [OK   ]   ✔ Footer.tsx
[2026-05-16T20:20:21.843Z] [INFO ]   Refactoring IconForward-2013-176.tsx …
[2026-05-16T20:20:31.176Z] [OK   ]   ✔ IconForward-2013-176.tsx
[2026-05-16T20:20:33.192Z] [INFO ]   Refactoring MyBasket-2001-1450.tsx …
[2026-05-16T20:21:37.934Z] [OK   ]   ✔ MyBasket-2001-1450.tsx
[2026-05-16T20:21:39.949Z] [INFO ]   Refactoring MyBasket-2001-1645.tsx …
[2026-05-16T20:22:42.808Z] [OK   ]   ✔ MyBasket-2001-1645.tsx
[2026-05-16T20:22:44.843Z] [INFO ]   Refactoring MyBasket-2001-1785.tsx …
[2026-05-16T20:23:53.846Z] [OK   ]   ✔ MyBasket-2001-1785.tsx
[2026-05-16T20:23:55.866Z] [INFO ]   Refactoring MyBasket-2001-672.tsx …
[2026-05-16T20:24:15.329Z] [OK   ]   ✔ MyBasket-2001-672.tsx
[2026-05-16T20:24:17.358Z] [INFO ]   Refactoring MyBasket-2001-955.tsx …
[2026-05-16T20:25:04.946Z] [OK   ]   ✔ MyBasket-2001-955.tsx
[2026-05-16T20:25:07.002Z] [INFO ]   Refactoring MyBasket-2013-809.tsx …
[2026-05-16T20:26:14.068Z] [OK   ]   ✔ MyBasket-2013-809.tsx
[2026-05-16T20:26:16.081Z] [INFO ]   Refactoring MyBasket-9-735.tsx …
[2026-05-16T20:26:50.236Z] [OK   ]   ✔ MyBasket-9-735.tsx
[2026-05-16T20:26:52.255Z] [INFO ]   Refactoring MyBasket.tsx …
[2026-05-16T20:27:59.674Z] [OK   ]   ✔ MyBasket.tsx
[2026-05-16T20:28:01.703Z] [INFO ]   Refactoring ProduceDefault.tsx …
[2026-05-16T20:29:20.291Z] [OK   ]   ✔ ProduceDefault.tsx
[2026-05-16T20:29:22.304Z] [INFO ]   Refactoring ProductTomato.tsx …
[2026-05-16T20:30:45.794Z] [OK   ]   ✔ ProductTomato.tsx
[2026-05-16T20:30:47.849Z] [INFO ]   Refactoring TextInput-2001-1039.tsx …
[2026-05-16T20:31:05.780Z] [OK   ]   ✔ TextInput-2001-1039.tsx
[2026-05-16T20:31:07.790Z] [OK   ] Frontend refactor complete — 27 succeeded, 0 failed.
[2026-05-16T20:31:07.796Z] [STEP ] Scanning frontend code for required dependencies…
[2026-05-16T20:31:07.905Z] [OK   ]   ✔ Added react@^18.2.0
[2026-05-16T20:31:07.906Z] [OK   ]   ✔ Added figma:asset@latest
[2026-05-16T20:31:07.908Z] [OK   ]   ✔ Added axios@^1.6.7
[2026-05-16T20:31:07.909Z] [OK   ]   ✔ Added react-dom@^18.2.0
[2026-05-16T20:31:07.911Z] [OK   ] Frontend dependencies updated: 4 package(s) added.
[2026-05-16T20:31:07.913Z] [STEP ] Setting up protected routes system…
[2026-05-16T20:31:07.929Z] [INFO ]   No protected pages detected.
[2026-05-16T20:31:07.930Z] [STEP ] Setting up environment variables…
[2026-05-16T20:31:08.041Z] [OK   ]   ✔ Created frontend .env files
[2026-05-16T20:31:08.045Z] [OK   ]   ✔ Updated backend .env file
[2026-05-16T20:31:08.048Z] [OK   ] Environment variable setup complete.
[2026-05-16T20:31:08.049Z] [STEP ] Installing dependencies (this may take a minute) …
[2026-05-16T20:31:08.051Z] [INFO ]   📦 Installing backend packages…
[2026-05-16T20:31:24.183Z] [OK   ]   ✔ Backend ready.
[2026-05-16T20:31:24.184Z] [INFO ]   📦 Installing frontend packages…
[2026-05-16T20:31:25.754Z] [ERROR]   Auto-install failed: Command failed: npm install
npm error code EINVALIDPACKAGENAME
npm error Invalid package name "@emotion/react@11.14.0" of package "@emotion/react@11.14.0@npm:@emotion/react@11.14.0": name can only contain URL-friendly characters.
npm error A complete log of this run can be found in: C:\Users\Jamal\AppData\Local\npm-cache\_logs\2026-05-16T20_31_24_430Z-debug-0.log

[2026-05-16T20:31:25.755Z] [WARN ]   Run "npm install" manually in each folder.
